================================================================================
ハイパーパラメータチューニングスクリプト
================================================================================
モデルバージョン: v_from_4801
目標: AUC-ROC 0.55-0.60

================================================================================
モデル: n3_axis
================================================================================

データ形状:
  学習データ: (59960, 72)
  検証データ: (15000, 72)
  ラベル分布（学習）: [43784 16176]
  ラベル分布（検証）: [10908  4092]

============================================================
ベースラインモデルの評価（現在のパラメータ）
============================================================

=== n3_axis_baseline の評価結果 ===
AUC-ROC: 0.5097
Precision: 0.2558
Recall: 0.0081
F1-Score: 0.0156
Top-5 Accuracy: 1.0000

============================================================
ハイパーパラメータチューニングを開始します
============================================================
パラメータ空間: 7次元
試行回数: 50
クロスバリデーション: 3-fold
データサイズ: (74960, 72)
Fitting 3 folds for each of 50 candidates, totalling 150 fits

============================================================
チューニング完了
============================================================
最適スコア (CV): nan

最適パラメータ:
  subsample: 0.8
  reg_lambda: 0.1
  reg_alpha: 0.1
  n_estimators: 300
  max_depth: 4
  learning_rate: 0.05
  colsample_bytree: 0.7

============================================================
最適パラメータでの再学習と評価
============================================================

=== n3_axis_tuned の評価結果 ===
AUC-ROC: 0.5154
Precision: 0.6667
Recall: 0.0010
F1-Score: 0.0020
Top-5 Accuracy: 1.0000

============================================================
改善結果
============================================================
AUC-ROC: 0.5097 → 0.5154 (+0.0057)
Precision: 0.2558 → 0.6667 (+0.4109)
F1-Score: 0.0156 → 0.0020 (-0.0137)
Top-5 Accuracy: 1.0000 → 1.0000 (+0.0000)

チューニング済みモデルを保存しました: /home/ykoha/numbers-ai/data/models/n3_axis_tuned.pkl

================================================================================
モデル: n4_axis
================================================================================

データ形状:
  学習データ: (59960, 72)
  検証データ: (15000, 72)
  ラベル分布（学習）: [39368 20592]
  ラベル分布（検証）: [9876 5124]

============================================================
ベースラインモデルの評価（現在のパラメータ）
============================================================

=== n4_axis_baseline の評価結果 ===
AUC-ROC: 0.5146
Precision: 0.3370
Recall: 0.0355
F1-Score: 0.0643
Top-5 Accuracy: 1.0000

============================================================
ハイパーパラメータチューニングを開始します
============================================================
パラメータ空間: 7次元
試行回数: 50
クロスバリデーション: 3-fold
データサイズ: (74960, 72)
Fitting 3 folds for each of 50 candidates, totalling 150 fits

============================================================
チューニング完了
============================================================
最適スコア (CV): nan

最適パラメータ:
  subsample: 0.8
  reg_lambda: 0.1
  reg_alpha: 0.1
  n_estimators: 300
  max_depth: 4
  learning_rate: 0.05
  colsample_bytree: 0.7

============================================================
最適パラメータでの再学習と評価
============================================================

=== n4_axis_tuned の評価結果 ===
AUC-ROC: 0.5160
Precision: 0.3846
Recall: 0.0049
F1-Score: 0.0096
Top-5 Accuracy: 1.0000

============================================================
改善結果
============================================================
AUC-ROC: 0.5146 → 0.5160 (+0.0013)
Precision: 0.3370 → 0.3846 (+0.0476)
F1-Score: 0.0643 → 0.0096 (-0.0546)
Top-5 Accuracy: 1.0000 → 1.0000 (+0.0000)

チューニング済みモデルを保存しました: /home/ykoha/numbers-ai/data/models/n4_axis_tuned.pkl

チューニング結果を保存しました: /home/ykoha/numbers-ai/docs/report/hyperparameter_tuning_results_v_from_4801_with_new_features.json

================================================================================
最終サマリー
================================================================================

n3_axis:
  AUC-ROC: 0.5097 → 0.5154 (+0.0057)
  Top-5 Accuracy: 1.0000 → 1.0000 (+0.0000)

n4_axis:
  AUC-ROC: 0.5146 → 0.5160 (+0.0013)
  Top-5 Accuracy: 1.0000 → 1.0000 (+0.0000)

================================================================================
チューニング完了
================================================================================
